<?xml version="1.0" encoding="UTF-8" ?>
<testsuite tests="3" failures="1" name="LoginTest.LoginTest" time="0.726" errors="0" skipped="2">
  <properties>
[...]
</properties>
  <testcase classname="LoginTest.LoginTest" name="setUp" time="0.725">
    <failure message="chromedriver at location C:/path/to/chromedriver.exe, does not exist
For documentation on this error, please visit: https://www.selenium.dev/documentation/webdriver/troubleshooting/errors/driver_location/
Build info: version: &apos;4.18.1&apos;, revision: &apos;b1d3319b48&apos;
System info: os.name: &apos;Windows 10&apos;, os.arch: &apos;amd64&apos;, os.version: &apos;10.0&apos;, java.version: &apos;17.0.12&apos;
Driver info: driver.version: ChromeDriver" type="org.openqa.selenium.remote.NoSuchDriverException">org.openqa.selenium.remote.NoSuchDriverException: chromedriver at location C:/path/to/chromedriver.exe, does not exist
For documentation on this error, please visit: https://www.selenium.dev/documentation/webdriver/troubleshooting/errors/driver_location/
Build info: version: &apos;4.18.1&apos;, revision: &apos;b1d3319b48&apos;
System info: os.name: &apos;Windows 10&apos;, os.arch: &apos;amd64&apos;, os.version: &apos;10.0&apos;, java.version: &apos;17.0.12&apos;
Driver info: driver.version: ChromeDriver
	at org.openqa.selenium.remote.service.DriverFinder.getPath(DriverFinder.java:76)
	at org.openqa.selenium.remote.service.DriverFinder.getPath(DriverFinder.java:33)
	at org.openqa.selenium.chrome.ChromeDriver.generateExecutor(ChromeDriver.java:99)
	at org.openqa.selenium.chrome.ChromeDriver.&lt;init&gt;(ChromeDriver.java:89)
	at org.openqa.selenium.chrome.ChromeDriver.&lt;init&gt;(ChromeDriver.java:84)
	at org.openqa.selenium.chrome.ChromeDriver.&lt;init&gt;(ChromeDriver.java:52)
	at LoginTest.LoginTest.setUp(LoginTest.java:19)
</failure>
    <system-out>Configuring TestNG with: org.apache.maven.surefire.testng.conf.TestNG652Configurator@6bdf28bb
</system-out>
    <system-err>SLF4J: Failed to load class &quot;org.slf4j.impl.StaticLoggerBinder&quot;.
SLF4J: Defaulting to no-operation (NOP) logger implementation
SLF4J: See http://www.slf4j.org/codes.html#StaticLoggerBinder for further details.
</system-err>
  </testcase>
  <testcase classname="LoginTest.LoginTest" name="testLogin" time="0">
    <skipped/>
  </testcase>
  <testcase classname="LoginTest.LoginTest" name="tearDown" time="0.001">
    <skipped/>
  </testcase>
</testsuite>