<?xml version="1.0" encoding="UTF-8"?>
<testng-results ignored="0" total="2" passed="2" failed="0" skipped="0">
  <reporter-output>
  </reporter-output>
  <suite started-at="2025-02-27T15:17:00 CET" name="LoginTest" finished-at="2025-02-27T15:17:29 CET" duration-ms="29337">
    <groups>
    </groups>
    <test started-at="2025-02-27T15:17:00 CET" name="Command line test" finished-at="2025-02-27T15:17:29 CET" duration-ms="29337">
      <class name="LoginTest">
        <test-method is-config="true" signature="setUp()[pri:0, instance:LoginTest@279ad2e3]" started-at="2025-02-27T15:17:00 CET" name="setUp" finished-at="2025-02-27T15:17:03 CET" duration-ms="3121" status="PASS">
          <reporter-output>
          </reporter-output>
        </test-method> <!-- setUp -->
        <test-method signature="testFailedLogin()[pri:0, instance:LoginTest@279ad2e3]" started-at="2025-02-27T15:17:03 CET" name="testFailedLogin" finished-at="2025-02-27T15:17:15 CET" duration-ms="11911" status="PASS">
          <reporter-output>
          </reporter-output>
        </test-method> <!-- testFailedLogin -->
        <test-method is-config="true" signature="tearDown()[pri:0, instance:LoginTest@279ad2e3]" started-at="2025-02-27T15:17:15 CET" name="tearDown" finished-at="2025-02-27T15:17:15 CET" duration-ms="252" status="PASS">
          <reporter-output>
          </reporter-output>
        </test-method> <!-- tearDown -->
        <test-method is-config="true" signature="setUp()[pri:0, instance:LoginTest@279ad2e3]" started-at="2025-02-27T15:17:15 CET" name="setUp" finished-at="2025-02-27T15:17:17 CET" duration-ms="1184" status="PASS">
          <reporter-output>
          </reporter-output>
        </test-method> <!-- setUp -->
        <test-method signature="testSuccessfulLogin()[pri:0, instance:LoginTest@279ad2e3]" started-at="2025-02-27T15:17:17 CET" name="testSuccessfulLogin" finished-at="2025-02-27T15:17:29 CET" duration-ms="12525" status="PASS">
          <reporter-output>
          </reporter-output>
        </test-method> <!-- testSuccessfulLogin -->
        <test-method is-config="true" signature="tearDown()[pri:0, instance:LoginTest@279ad2e3]" started-at="2025-02-27T15:17:29 CET" name="tearDown" finished-at="2025-02-27T15:17:29 CET" duration-ms="222" status="PASS">
          <reporter-output>
          </reporter-output>
        </test-method> <!-- tearDown -->
      </class> <!-- LoginTest -->
    </test> <!-- Command line test -->
  </suite> <!-- LoginTest -->
</testng-results>
